-------
accountId
-------
means.idea.account
means.identity

-------
accountCategoryCode
-------
means.idea.account
means.category
means.measurement.code

-------
customerSizeCode
-------
means.idea.customer
means.formatting.font.size
means.measurement.size
means.measurement.size.depth
means.measurement.size.height
means.measurement.size.volume
means.measurement.size.width
means.measurement.code

-------
preferredContactMethodCode
-------
means.idea.person.contact
means.measurement.code

-------
customerTypeCode
-------
means.idea.customer
means.measurement.currency.type
means.measurement.currency.type.destination
means.measurement.currency.type.source
means.measurement.rate.type
means.measurement.code

-------
accountRatingCode
-------
means.idea.account
means.measurement.rate
means.measurement.rate.type
means.measurement.code

-------
industryCode
-------
means.measurement.code

-------
territoryCode
-------
means.measurement.code

-------
accountClassificationCode
-------
means.idea.account
means.measurement.code

-------
businessTypeCode
-------
means.measurement.currency.type
means.measurement.currency.type.destination
means.measurement.currency.type.source
means.measurement.rate.type
means.measurement.code

-------
traversedPath
-------

-------
paymentTermsCode
-------
means.measurement.code

-------
shippingMethodCode
-------
means.measurement.code

-------
Contact_primaryContactId
-------
means.idea.person.contact
means.idea.person.contact
means.identity

-------
participatesInWorkflow
-------

-------
name
-------
means.identity.name
means.identity.company.name
is.named
is.linkedEntity.name

-------
accountNumber
-------
means.idea.account

-------
revenue
-------

-------
numberOfEmployees
-------
means.idea.person.employee

-------
description
-------
means.reference.description

-------
SIC
-------

-------
ownershipCode
-------
means.measurement.percent.ownership
means.measurement.code

-------
marketCap
-------

-------
sharesOutstanding
-------

-------
tickerSymbol
-------

-------
stockExchange
-------

-------
webSiteUrl
-------
means.reference.URL
means.reference.URL.image

-------
ftpSiteUrl
-------
means.reference.URL
means.reference.URL.image

-------
EMailAddress1
-------
means.location.address
means.location.address.building
means.location.address.floor
means.location.address.house
means.location.address.room
means.location.address.street

-------
EMailAddress2
-------
means.location.address
means.location.address.building
means.location.address.floor
means.location.address.house
means.location.address.room
means.location.address.street

-------
EMailAddress3
-------
means.location.address
means.location.address.building
means.location.address.floor
means.location.address.house
means.location.address.room
means.location.address.street

-------
doNotPhone
-------
means.identity.service.phone
means.identity.service.phone.cell
means.identity.service.phone.fax

-------
doNotFax
-------
means.identity.service.phone.fax

-------
telephone1
-------

-------
doNotEMail
-------

-------
telephone2
-------

-------
fax
-------
means.identity.service.phone.fax

-------
telephone3
-------

-------
doNotPostalMail
-------

-------
doNotBulkEMail
-------

-------
doNotBulkPostalMail
-------

-------
creditLimit
-------

-------
creditOnHold
-------

-------
Account_parentAccountId
-------
means.idea.account
means.relationship.parent
means.idea.account
means.identity

-------
aging30
-------
means.demographic.age
means.measurement.age

-------
stateCode
-------
means.measurement.code

-------
aging60
-------
means.demographic.age
means.measurement.age

-------
statusCode
-------
means.measurement.code

-------
aging90
-------
means.demographic.age
means.measurement.age

-------
address
-------
means.location.address
means.location.address.building
means.location.address.floor
means.location.address.house
means.location.address.room
means.location.address.street

-------
preferredAppointmentDayCode
-------
means.calendar.day
means.measurement.duration.days
means.measurement.code

-------
User_preferredSystemUserId
-------
means.identity

-------
preferredAppointmentTimeCode
-------
means.measurement.time
is.dataFormat.time
means.measurement.code

-------
merged
-------

-------
doNotSendMM
-------

-------
Account_masterId
-------
means.idea.account
means.identity

-------
lastUsedInCampaign
-------

-------
exchangeRate
-------
means.measurement.rate
means.measurement.rate.type

-------
Currency_transactionCurrencyId
-------
means.measurement.currency
means.measurement.currency.cost
means.measurement.currency.iSOCode
means.measurement.currency.price
means.measurement.currency.type
means.measurement.currency
means.measurement.currency.cost
means.measurement.currency.iSOCode
means.measurement.currency.price
means.measurement.currency.type
means.identity

-------
creditLimitBase
-------

-------
aging30Base
-------
means.demographic.age
means.measurement.age

-------
revenueBase
-------

-------
aging90Base
-------
means.demographic.age
means.measurement.age

-------
marketCapBase
-------

-------
aging60Base
-------
means.demographic.age
means.measurement.age

-------
yomiName
-------
means.identity.name
means.identity.company.name
is.named
is.linkedEntity.name

-------
stageId
-------
means.identity

-------
processId
-------
means.identity

-------
entityImageId
-------
means.reference.URL.image
means.content.binary.image
means.content.binary.image.BMP
means.content.binary.image.GIF
means.content.binary.image.JPG
means.content.binary.image.PNG
means.content.binary.image.TIFF
means.identity

-------
timeSpentByMeOnEmailAndMeetings
-------
means.measurement.time
is.dataFormat.time
means.identity.service.email

-------
createdByExternalParty
-------
means.measurement.date.creation

-------
modifiedByExternalParty
-------
means.measurement.date.modify

-------
primarySatoriId
-------
means.identity

-------
primaryTwitterId
-------
means.identity.service.twitter
means.identity

-------
SLA_SLAId
-------
means.identity

-------
SLA_SLAInvokedId
-------
means.identity

-------
onHoldTime
-------
means.measurement.time
is.dataFormat.time

-------
lastOnHoldTime
-------
means.measurement.time
is.dataFormat.time

-------
followEmail
-------
means.identity.service.email