-------
deviceId
-------

-------
stateCode
-------
means.measurement.code

-------
statusCode
-------
means.measurement.code

-------
name
-------
means.identity.name
means.identity.company.name
is.named
is.linkedEntity.name

-------
carrierAIDC
-------

-------
deviceNumber
-------

-------
deviceStatus
-------

-------
expirationDate
-------
means.measurement.date
is.dataFormat.date

-------
Location_location
-------
means.location
means.location.address
means.location.city
means.location.continent
means.location.country
means.location.county
means.location.latitude
means.location.longitude
means.location.point
means.location.postalCode
means.location.province
means.location.region
means.location.stateOrProvince
means.location.timezone
means.location.geo
is.locatable
means.location
means.location.address
means.location.city
means.location.continent
means.location.country
means.location.county
means.location.latitude
means.location.longitude
means.location.point
means.location.postalCode
means.location.province
means.location.region
means.location.stateOrProvince
means.location.timezone
means.location.geo
is.locatable

-------
lotNumber
-------

-------
manufacturer
-------
means.calendar.manufacturing

-------
manufacturerDate
-------
means.calendar.manufacturing
means.measurement.date
is.dataFormat.date

-------
model
-------

-------
Account_owner
-------
means.idea.account

-------
Contact_patient
-------
means.idea.person.contact

-------
CodeableConcept_type
-------
means.measurement.currency.type
means.measurement.currency.type.destination
means.measurement.currency.type.source
means.measurement.rate.type

-------
UDI
-------

-------
UDICarrierHRF
-------

-------
UDIEntryType
-------
means.measurement.currency.type
means.measurement.currency.type.destination
means.measurement.currency.type.source
means.measurement.rate.type

-------
UDIIssuer
-------

-------
udiJurisdiction
-------

-------
URL
-------

-------
version
-------
means.measurement.version