-------
opportunityId
-------
means.identity

-------
emailAddress
-------
means.identity.service.email
means.location.address
means.location.address.building
means.location.address.floor
means.location.address.house
means.location.address.room
means.location.address.street

-------
name
-------
means.identity.name
means.identity.company.name
is.named
is.linkedEntity.name

-------
processId
-------
means.identity

-------
stageId
-------
means.identity

-------
traversedPath
-------

-------
actualCloseDate
-------
means.measurement.date
is.dataFormat.date

-------
actualValue
-------

-------
Currency_transactionCurrencyId
-------
means.measurement.currency
means.measurement.currency.cost
means.measurement.currency.iSOCode
means.measurement.currency.price
means.measurement.currency.type
means.measurement.currency
means.measurement.currency.cost
means.measurement.currency.iSOCode
means.measurement.currency.price
means.measurement.currency.type
means.identity

-------
exchangeRate
-------
means.measurement.rate
means.measurement.rate.type

-------
actualValueBase
-------

-------
budgetAmount
-------

-------
budgetAmountBase
-------

-------
budgetStatus
-------

-------
closeProbability
-------

-------
completeInternalReview
-------
means.measurement.date.completion

-------
confirmInterest
-------

-------
currentSituation
-------
means.measurement.currency
means.measurement.currency.cost
means.measurement.currency.iSOCode
means.measurement.currency.price
means.measurement.currency.type

-------
customerNeed
-------
means.idea.customer

-------
customerPainPoints
-------
means.idea.customer
means.location.point

-------
decisionMaker
-------

-------
description
-------
means.reference.description

-------
developProposal
-------

-------
discountAmount
-------

-------
discountAmountBase
-------

-------
discountPercentage
-------
means.measurement.percent
means.measurement.percent.ownership
means.measurement.percent.voterright

-------
estimatedCloseDate
-------
means.measurement.date
is.dataFormat.date

-------
estimatedValue
-------

-------
estimatedValueBase
-------

-------
evaluateFit
-------

-------
resolveFeedback
-------

-------
fileDebrief
-------

-------
completeFinalProposal
-------
means.measurement.date.completion

-------
finalDecisionDate
-------
means.measurement.date
is.dataFormat.date

-------
freightAmount
-------

-------
freightAmountBase
-------

-------
initialCommunication
-------

-------
isRevenueSystemCalculated
-------

-------
need
-------

-------
opportunityRatingCode
-------
means.measurement.rate
means.measurement.rate.type
means.measurement.code

-------
Account_parentAccountId
-------
means.idea.account
means.relationship.parent
means.idea.account
means.identity

-------
Contact_parentContactId
-------
means.idea.person.contact
means.relationship.parent
means.idea.person.contact
means.identity

-------
participatesInWorkflow
-------

-------
PriceList_priceLevelId
-------
means.measurement.currency.price
means.measurement.currency.price
means.identity

-------
pricingErrorCode
-------
means.measurement.currency.price
means.measurement.code

-------
priorityCode
-------
means.measurement.code

-------
purchaseProcess
-------

-------
purchaseTimeFrame
-------
means.measurement.time
is.dataFormat.time

-------
salesStage
-------

-------
salesStageCode
-------
means.measurement.code

-------
presentProposal
-------

-------
captureProposalFeedback
-------
means.reference.caption

-------
proposedSolution
-------

-------
pursuitDecision
-------

-------
qualificationComments
-------

-------
quoteComments
-------

-------
sendThankYouNote
-------

-------
scheduleFollowupProspect
-------
means.idea.schedule

-------
scheduleFollowUpQualify
-------
means.idea.schedule

-------
scheduleProposalMeeting
-------
means.idea.schedule

-------
stateCode
-------
means.measurement.code

-------
statusCode
-------
means.measurement.code

-------
stepId
-------
means.identity

-------
stepName
-------
means.identity.name
means.identity.company.name
is.named
is.linkedEntity.name

-------
timeLine
-------
means.measurement.time
is.dataFormat.time

-------
totalAmount
-------

-------
totalAmountBase
-------

-------
totalAmountLessFreight
-------

-------
totalAmountLessFreightBase
-------

-------
totalDiscountAmount
-------

-------
totalDiscountAmountBase
-------

-------
totalLineItemAmount
-------

-------
totalLineItemAmountBase
-------

-------
totalLineItemDiscountAmount
-------

-------
totalLineItemDiscountAmountBase
-------

-------
totalTax
-------

-------
totalTaxBase
-------

-------
identifyCustomerContacts
-------
is.linkedEntity.identifier
means.idea.customer
means.idea.person.contact

-------
identifyCompetitors
-------
is.linkedEntity.identifier

-------
identifyPursuitTeam
-------
is.linkedEntity.identifier

-------
presentFinalProposal
-------

-------
onHoldTime
-------
means.measurement.time
is.dataFormat.time

-------
lastOnHoldTime
-------
means.measurement.time
is.dataFormat.time

-------
SLA_SLAId
-------
means.identity

-------
SLA_SLAInvokedId
-------
means.identity

-------
timeSpentByMeOnEmailAndMeetings
-------
means.measurement.time
is.dataFormat.time
means.identity.service.email

-------
Lead_originatingLeadId
-------
means.identity

-------
accountId
-------
means.idea.account
means.identity

-------
contactId
-------
means.idea.person.contact
means.identity

-------
Campaign_campaignId
-------
means.identity